# JRE version: OpenJDK Runtime Environment Zulu13.42+17-CA (13.0.8+5) (build 13.0.8+5-MTS)
# Java VM: OpenJDK 64-Bit Server VM Zulu13.42+17-CA (13.0.8+5-MTS, mixed mode, tiered, compressed oops, g1 gc, bsd-aarch64)
Heap:
 garbage-first heap   total 48128K, used 20620K [0x00000006c0000000, 0x00000007c0000000)
  region size 1024K, 16 young (16384K), 7 survivors (7168K)
 Metaspace       used 29375K, capacity 30020K, committed 30320K, reserved 1075200K
  class space    used 3470K, capacity 3731K, committed 3776K, reserved 1048576K
GC Heap History (6 events):
Event: 0.422 GC heap before
{Heap before GC invocations=0 (full 0):
 garbage-first heap   total 262144K, used 23552K [0x00000006c0000000, 0x00000007c0000000)
  region size 1024K, 24 young (24576K), 0 survivors (0K)
 Metaspace       used 11666K, capacity 11976K, committed 12160K, reserved 1060864K
  class space    used 1199K, capacity 1333K, committed 1408K, reserved 1048576K
}
Event: 0.424 GC heap after
{Heap after GC invocations=1 (full 0):
 garbage-first heap   total 262144K, used 3353K [0x00000006c0000000, 0x00000007c0000000)
  region size 1024K, 3 young (3072K), 3 survivors (3072K)
 Metaspace       used 11666K, capacity 11976K, committed 12160K, reserved 1060864K
  class space    used 1199K, capacity 1333K, committed 1408K, reserved 1048576K
}
Event: 1.569 GC heap before
{Heap before GC invocations=1 (full 0):
 garbage-first heap   total 262144K, used 41241K [0x00000006c0000000, 0x00000007c0000000)
  region size 1024K, 39 young (39936K), 3 survivors (3072K)
 Metaspace       used 20652K, capacity 21184K, committed 21296K, reserved 1069056K
  class space    used 2428K, capacity 2670K, committed 2688K, reserved 1048576K
}
Event: 1.573 GC heap after
{Heap after GC invocations=2 (full 0):
 garbage-first heap   total 262144K, used 8760K [0x00000006c0000000, 0x00000007c0000000)
  region size 1024K, 7 young (7168K), 7 survivors (7168K)
 Metaspace       used 20652K, capacity 21184K, committed 21296K, reserved 1069056K
  class space    used 2428K, capacity 2670K, committed 2688K, reserved 1048576K
}
Event: 1.823 GC heap before
{Heap before GC invocations=3 (full 0):
 garbage-first heap   total 37888K, used 36408K [0x00000006c0000000, 0x00000007c0000000)
  region size 1024K, 34 young (34816K), 7 survivors (7168K)
 Metaspace       used 28669K, capacity 29293K, committed 29680K, reserved 1075200K
  class space    used 3348K, capacity 3578K, committed 3648K, reserved 1048576K
}
Event: 1.827 GC heap after
{Heap after GC invocations=4 (full 0):
 garbage-first heap   total 48128K, used 12428K [0x00000006c0000000, 0x00000007c0000000)
  region size 1024K, 7 young (7168K), 7 survivors (7168K)
 Metaspace       used 28669K, capacity 29293K, committed 29680K, reserved 1075200K
  class space    used 3348K, capacity 3578K, committed 3648K, reserved 1048576K
}

